<?xml version="1.0" encoding="UTF-8"?>
<!-- Generated by org.testng.reporters.JUnitXMLReporter -->
<testsuite ignored="0" hostname="INF-LAW-030" failures="2" tests="8" name="Regression" time="36.152" errors="0" timestamp="2023-07-24T05:09:51 EEST">
  <testcase classname="testcases.HardAssert" name="SizeOfRolesInDropDownList" time="3.87"/>
  <testcase classname="testcases.AssertionsSoft" name="NotExpectedTheSameSizeOfRolesInDropDownList" time="4.003"/>
  <testcase classname="testcases.HardAssert" name="ValidateError" time="10.414"/>
  <testcase classname="testcases.AssertionsSoft" name="ValidateError" time="10.429"/>
  <testcase classname="testcases.HardAssert" name="WebSiteTitle" time="3.076"/>
  <testcase classname="testcases.AssertionsSoft" name="WebSiteTitle" time="3.225"/>
  <testcase classname="testcases.HardAssert" name="wrongWebSiteTitle" time="2.912">
    <failure type="java.lang.AssertionError" message="expected [My Fork - your educational solution] but found [My Fork]">
      <![CDATA[java.lang.AssertionError: expected [My Fork - your educational solution] but found [My Fork]
at testcases.HardAssert.wrongWebSiteTitle(HardAssert.java:59)
at java.base/java.util.concurrent.ThreadPoolExecutor.runWorker(ThreadPoolExecutor.java:1144)
at java.base/java.util.concurrent.ThreadPoolExecutor$Worker.run(ThreadPoolExecutor.java:642)
at java.base/java.lang.Thread.run(Thread.java:1623)
... Removed 16 stack frames]]>
    </failure>
  </testcase> <!-- wrongWebSiteTitle -->
  <testcase classname="testcases.AssertionsSoft" name="wrongWebSiteTitle" time="11.201">
    <failure type="java.lang.AssertionError" message="The following asserts failed:
	expected [My Fork - your educational solution] but found [My Fork]">
      <![CDATA[java.lang.AssertionError: The following asserts failed:
expected [My Fork - your educational solution] but found [My Fork]
at testcases.AssertionsSoft.wrongWebSiteTitle(AssertionsSoft.java:57)
at java.base/java.util.concurrent.ThreadPoolExecutor.runWorker(ThreadPoolExecutor.java:1144)
at java.base/java.util.concurrent.ThreadPoolExecutor$Worker.run(ThreadPoolExecutor.java:642)
at java.base/java.lang.Thread.run(Thread.java:1623)
... Removed 12 stack frames]]>
    </failure>
  </testcase> <!-- wrongWebSiteTitle -->
</testsuite> <!-- Regression -->
