<?xml version="1.0" encoding="UTF-8"?>
<!-- Generated by org.testng.reporters.JUnitXMLReporter -->
<testsuite ignored="6" hostname="INF-LAW-030" failures="3" tests="3" name="Smoke" time="0.061" errors="0" timestamp="2023-08-26T19:27:58 EEST">
  <testcase classname="testcases.FirstTest" name="fillEmailAndPasswordFiellsAndValidateCheckbox" time="0.008">
    <failure type="java.lang.NullPointerException" message="Cannot invoke &amp;quot;pageobjects.HomePage.clickSignIn()&amp;quot; because &amp;quot;this.homePage&amp;quot; is null">
      <![CDATA[java.lang.NullPointerException: Cannot invoke "pageobjects.HomePage.clickSignIn()" because "this.homePage" is null
at testcases.FirstTest.openSignInPage(FirstTest.java:20)
at testcases.FirstTest.fillEmailAndPasswordFiellsAndValidateCheckbox(FirstTest.java:52)
at java.base/java.util.concurrent.ThreadPoolExecutor.runWorker(ThreadPoolExecutor.java:1144)
at java.base/java.util.concurrent.ThreadPoolExecutor$Worker.run(ThreadPoolExecutor.java:642)
at java.base/java.lang.Thread.run(Thread.java:1623)
... Removed 10 stack frames]]>
    </failure>
  </testcase> <!-- fillEmailAndPasswordFiellsAndValidateCheckbox -->
  <testcase classname="testcases.FirstTest" name="validateRolesInDropDown" time="0.0">
    <failure type="java.lang.NullPointerException" message="Cannot invoke &amp;quot;pageobjects.HomePage.openWebSite()&amp;quot; because &amp;quot;this.homePage&amp;quot; is null">
      <![CDATA[java.lang.NullPointerException: Cannot invoke "pageobjects.HomePage.openWebSite()" because "this.homePage" is null
at testcases.FirstTest.openWebSite(FirstTest.java:16)
at testcases.FirstTest.validateRolesInDropDown(FirstTest.java:63)
at java.base/java.util.concurrent.ThreadPoolExecutor.runWorker(ThreadPoolExecutor.java:1144)
at java.base/java.util.concurrent.ThreadPoolExecutor$Worker.run(ThreadPoolExecutor.java:642)
at java.base/java.lang.Thread.run(Thread.java:1623)
... Removed 10 stack frames]]>
    </failure>
  </testcase> <!-- validateRolesInDropDown -->
  <testcase classname="testcases.FirstTest" name="ValidateErrorWithWaiting" time="0.001">
    <failure type="java.lang.NullPointerException" message="Cannot invoke &amp;quot;pageobjects.HomePage.clickSignIn()&amp;quot; because &amp;quot;this.homePage&amp;quot; is null">
      <![CDATA[java.lang.NullPointerException: Cannot invoke "pageobjects.HomePage.clickSignIn()" because "this.homePage" is null
at testcases.FirstTest.fillEmailAndPasswordFiells(FirstTest.java:31)
at testcases.FirstTest.fillEmailAndPasswordFiellsAndPressLoginBtn(FirstTest.java:38)
at testcases.FirstTest.ValidateErrorWithWaiting(FirstTest.java:77)
at java.base/java.util.concurrent.ThreadPoolExecutor.runWorker(ThreadPoolExecutor.java:1144)
at java.base/java.util.concurrent.ThreadPoolExecutor$Worker.run(ThreadPoolExecutor.java:642)
at java.base/java.lang.Thread.run(Thread.java:1623)
... Removed 10 stack frames]]>
    </failure>
  </testcase> <!-- ValidateErrorWithWaiting -->
  <testcase classname="testcases.FirstTest" name="fillEmailAndPasswordFiellsAndValidateError" time="0.0">
    <ignored/>
  </testcase> <!-- fillEmailAndPasswordFiellsAndValidateError -->
  <testcase classname="testcases.FirstTest" name="openWebSite" time="0.0">
    <ignored/>
  </testcase> <!-- openWebSite -->
  <testcase classname="testcases.FirstTest" name="openSignInPage" time="0.0">
    <ignored/>
  </testcase> <!-- openSignInPage -->
  <testcase classname="testcases.FirstTest" name="verifyCheckboxText" time="0.0">
    <ignored/>
  </testcase> <!-- verifyCheckboxText -->
  <testcase classname="testcases.FirstTest" name="EmailPasswordAndLogginButtonAreDisplayed" time="0.0">
    <ignored/>
  </testcase> <!-- EmailPasswordAndLogginButtonAreDisplayed -->
  <testcase classname="testcases.FirstTest" name="fillEmailAndPasswordFiells" time="0.0">
    <ignored/>
  </testcase> <!-- fillEmailAndPasswordFiells -->
</testsuite> <!-- Smoke -->
