<?xml version="1.0" encoding="UTF-8"?>
<testsuite xmlns:xsi="http://www.w3.org/2001/XMLSchema-instance" xsi:noNamespaceSchemaLocation="https://maven.apache.org/surefire/maven-surefire-plugin/xsd/surefire-test-report-3.0.xsd" version="3.0" name="TestSuite" time="108.248" tests="17" errors="0" skipped="0" failures="2">
  <properties>
[...]
</properties>
  <testcase name="EmailPasswordAndLogginButtonAreDisplayed" classname="testcases.FirstTest" time="5.154"/>
  <testcase name="ValidateErrorWithWaiting" classname="testcases.FirstTest" time="11.453"/>
  <testcase name="fillEmailAndPasswordFiells" classname="testcases.FirstTest" time="5.167"/>
  <testcase name="fillEmailAndPasswordFiellsAndValidateCheckbox" classname="testcases.FirstTest" time="4.251"/>
  <testcase name="fillEmailAndPasswordFiellsAndValidateError" classname="testcases.FirstTest" time="12.537"/>
  <testcase name="openSignInPage" classname="testcases.FirstTest" time="4.251"/>
  <testcase name="openWebSite" classname="testcases.FirstTest" time="3.439"/>
  <testcase name="validateRolesInDropDown" classname="testcases.FirstTest" time="4.303"/>
  <testcase name="verifyCheckboxText" classname="testcases.FirstTest" time="3.985"/>
  <testcase name="SizeOfRolesInDropDownList" classname="testcases.HardAssert" time="3.732"/>
  <testcase name="NotExpectedTheSameSizeOfRolesInDropDownList" classname="testcases.AssertionsSoft" time="4.003"/>
  <testcase name="ValidateError" classname="testcases.HardAssert" time="9.896"/>
  <testcase name="ValidateError" classname="testcases.AssertionsSoft" time="10.429"/>
  <testcase name="WebSiteTitle" classname="testcases.HardAssert" time="1.765"/>
  <testcase name="WebSiteTitle" classname="testcases.AssertionsSoft" time="3.221"/>
  <testcase name="wrongWebSiteTitle" classname="testcases.HardAssert" time="1.75">
    <failure message="expected [My Fork - your educational solution] but found [My Fork]" type="java.lang.AssertionError">java.lang.AssertionError: expected [My Fork - your educational solution] but found [My Fork]
	at testcases.HardAssert.wrongWebSiteTitle(HardAssert.java:59)
</failure>
    <system-err><![CDATA[Jul 24, 2023 5:09:38 AM org.openqa.selenium.devtools.CdpVersionFinder findNearestMatch
WARNING: Unable to find an exact match for CDP version 115, so returning the closest version found: 113
Starting ChromeDriver 114.0.5735.90 (386bc09e8f4f2e025eddae123f36f6263096ae49-refs/branch-heads/5735@{#1052}) on port 32969
Only local connections are allowed.
Please see https://chromedriver.chromium.org/security-considerations for suggestions on keeping ChromeDriver safe.
ChromeDriver was started successfully.
[1690164579.802][WARNING]: This version of ChromeDriver has not been tested with Chrome version 115.
Jul 24, 2023 5:09:39 AM org.openqa.selenium.devtools.CdpVersionFinder findNearestMatch
WARNING: Unable to find an exact match for CDP version 115, so returning the closest version found: 113
]]></system-err>
  </testcase>
  <testcase name="wrongWebSiteTitle" classname="testcases.AssertionsSoft" time="11.2">
    <failure message="The following asserts failed:&#10;	expected [My Fork - your educational solution] but found [My Fork]" type="java.lang.AssertionError">java.lang.AssertionError: 
The following asserts failed:
	expected [My Fork - your educational solution] but found [My Fork]
	at testcases.AssertionsSoft.wrongWebSiteTitle(AssertionsSoft.java:57)
</failure>
    <system-out><![CDATA[Title My Fork is not correct
]]></system-out>
  </testcase>
</testsuite>