-------------------------------------------------------------------------------
Test set: testcases.AssertionsSoft
-------------------------------------------------------------------------------
Tests run: 4, Failures: 1, Errors: 0, Skipped: 0, Time elapsed: 35.914 s <<< FAILURE! - in testcases.AssertionsSoft
wrongWebSiteTitle(testcases.AssertionsSoft)  Time elapsed: 3.135 s  <<< FAILURE!
java.lang.AssertionError: 
The following asserts failed:
	expected [My Fork - your educational solution] but found [My Fork]
	at testcases.AssertionsSoft.wrongWebSiteTitle(AssertionsSoft.java:57)

