<?xml version="1.0" encoding="UTF-8"?>
<testsuite xmlns:xsi="http://www.w3.org/2001/XMLSchema-instance" xsi:noNamespaceSchemaLocation="https://maven.apache.org/surefire/maven-surefire-plugin/xsd/surefire-test-report-3.0.xsd" version="3.0" name="TestSuite" time="0.798" tests="5" errors="0" skipped="0" failures="5">
  <properties>
[...]
</properties>
  <testcase name="fillEmailAndPasswordFiellsAndValidateCheckbox" classname="testcases.FirstTest" time="0.013">
    <failure message="Cannot invoke &quot;pageobjects.HomePage.clickSignIn()&quot; because &quot;this.homePage&quot; is null" type="java.lang.NullPointerException">java.lang.NullPointerException: Cannot invoke "pageobjects.HomePage.clickSignIn()" because "this.homePage" is null
	at testcases.FirstTest.openSignInPage(FirstTest.java:20)
	at testcases.FirstTest.fillEmailAndPasswordFiellsAndValidateCheckbox(FirstTest.java:52)
</failure>
    <system-err><![CDATA[SLF4J: Failed to load class "org.slf4j.impl.StaticLoggerBinder".
SLF4J: Defaulting to no-operation (NOP) logger implementation
SLF4J: See http://www.slf4j.org/codes.html#StaticLoggerBinder for further details.
]]></system-err>
  </testcase>
  <testcase name="validateRolesInDropDown" classname="testcases.FirstTest" time="0.001">
    <failure message="Cannot invoke &quot;pageobjects.HomePage.openWebSite()&quot; because &quot;this.homePage&quot; is null" type="java.lang.NullPointerException">java.lang.NullPointerException: Cannot invoke "pageobjects.HomePage.openWebSite()" because "this.homePage" is null
	at testcases.FirstTest.openWebSite(FirstTest.java:16)
	at testcases.FirstTest.validateRolesInDropDown(FirstTest.java:63)
</failure>
  </testcase>
  <testcase name="ValidateErrorWithWaiting" classname="testcases.FirstTest" time="0">
    <failure message="Cannot invoke &quot;pageobjects.HomePage.clickSignIn()&quot; because &quot;this.homePage&quot; is null" type="java.lang.NullPointerException">java.lang.NullPointerException: Cannot invoke "pageobjects.HomePage.clickSignIn()" because "this.homePage" is null
	at testcases.FirstTest.fillEmailAndPasswordFiells(FirstTest.java:31)
	at testcases.FirstTest.fillEmailAndPasswordFiellsAndPressLoginBtn(FirstTest.java:38)
	at testcases.FirstTest.ValidateErrorWithWaiting(FirstTest.java:77)
</failure>
  </testcase>
  <testcase name="ValidateError" classname="testcases.AssertionsSoft" time="0.001">
    <failure message="Cannot invoke &quot;pageobjects.HomePage.clickSignIn()&quot; because &quot;this.homePage&quot; is null" type="java.lang.NullPointerException">java.lang.NullPointerException: Cannot invoke "pageobjects.HomePage.clickSignIn()" because "this.homePage" is null
	at testcases.AssertionsSoft.ValidateError(AssertionsSoft.java:41)
</failure>
  </testcase>
  <testcase name="scrollTest" classname="testcases.DriverInteractions" time="0.001">
    <failure message="Cannot read field &quot;webSiteURL&quot; because &quot;this.homePage&quot; is null" type="java.lang.NullPointerException">java.lang.NullPointerException: Cannot read field "webSiteURL" because "this.homePage" is null
	at testcases.DriverInteractions.scrollTest(DriverInteractions.java:30)
</failure>
  </testcase>
</testsuite>